# JRE version: Java(TM) SE Runtime Environment (8.0_131-b11) (build 1.8.0_131-b11)
# Java VM: Java HotSpot(TM) 64-Bit Server VM (25.131-b11 mixed mode windows-amd64 compressed oops)
Heap:
 PSYoungGen      total 71680K, used 9396K [0x00000000d5e00000, 0x00000000da900000, 0x0000000100000000)
  eden space 66560K, 14% used [0x00000000d5e00000,0x00000000d672d198,0x00000000d9f00000)
  from space 5120K, 0% used [0x00000000da400000,0x00000000da400000,0x00000000da900000)
  to   space 5120K, 0% used [0x00000000d9f00000,0x00000000d9f00000,0x00000000da400000)
 ParOldGen       total 92672K, used 29902K [0x0000000081a00000, 0x0000000087480000, 0x00000000d5e00000)
  object space 92672K, 32% used [0x0000000081a00000,0x0000000083733860,0x0000000087480000)
 Metaspace       used 21926K, capacity 22426K, committed 22704K, reserved 1069056K
  class space    used 2592K, capacity 2721K, committed 2816K, reserved 1048576K
GC Heap History (10 events):
Event: 4.634 GC heap before
{Heap before GC invocations=5 (full 0):
 PSYoungGen      total 71680K, used 71672K [0x00000000d5e00000, 0x00000000da900000, 0x0000000100000000)
  eden space 66560K, 100% used [0x00000000d5e00000,0x00000000d9f00000,0x00000000d9f00000)
  from space 5120K, 99% used [0x00000000da400000,0x00000000da8fe030,0x00000000da900000)
  to   space 5120K, 0% used [0x00000000d9f00000,0x00000000d9f00000,0x00000000da400000)
 ParOldGen       total 87552K, used 10877K [0x0000000081a00000, 0x0000000086f80000, 0x00000000d5e00000)
  object space 87552K, 12% used [0x0000000081a00000,0x000000008249f7e0,0x0000000086f80000)
 Metaspace       used 15915K, capacity 16218K, committed 16384K, reserved 1062912K
  class space    used 1904K, capacity 1977K, committed 2048K, reserved 1048576K
Event: 4.659 GC heap after
Heap after GC invocations=5 (full 0):
 PSYoungGen      total 71680K, used 5096K [0x00000000d5e00000, 0x00000000da900000, 0x0000000100000000)
  eden space 66560K, 0% used [0x00000000d5e00000,0x00000000d5e00000,0x00000000d9f00000)
  from space 5120K, 99% used [0x00000000d9f00000,0x00000000da3fa020,0x00000000da400000)
  to   space 5120K, 0% used [0x00000000da400000,0x00000000da400000,0x00000000da900000)
 ParOldGen       total 87552K, used 20271K [0x0000000081a00000, 0x0000000086f80000, 0x00000000d5e00000)
  object space 87552K, 23% used [0x0000000081a00000,0x0000000082dcbcb8,0x0000000086f80000)
 Metaspace       used 15915K, capacity 16218K, committed 16384K, reserved 1062912K
  class space    used 1904K, capacity 1977K, committed 2048K, reserved 1048576K
}
Event: 5.962 GC heap before
{Heap before GC invocations=6 (full 0):
 PSYoungGen      total 71680K, used 71656K [0x00000000d5e00000, 0x00000000da900000, 0x0000000100000000)
  eden space 66560K, 100% used [0x00000000d5e00000,0x00000000d9f00000,0x00000000d9f00000)
  from space 5120K, 99% used [0x00000000d9f00000,0x00000000da3fa020,0x00000000da400000)
  to   space 5120K, 0% used [0x00000000da400000,0x00000000da400000,0x00000000da900000)
 ParOldGen       total 87552K, used 20271K [0x0000000081a00000, 0x0000000086f80000, 0x00000000d5e00000)
  object space 87552K, 23% used [0x0000000081a00000,0x0000000082dcbcb8,0x0000000086f80000)
 Metaspace       used 16943K, capacity 17316K, committed 17536K, reserved 1064960K
  class space    used 1990K, capacity 2084K, committed 2176K, reserved 1048576K
Event: 5.993 GC heap after
Heap after GC invocations=6 (full 0):
 PSYoungGen      total 71680K, used 5112K [0x00000000d5e00000, 0x00000000da900000, 0x0000000100000000)
  eden space 66560K, 0% used [0x00000000d5e00000,0x00000000d5e00000,0x00000000d9f00000)
  from space 5120K, 99% used [0x00000000da400000,0x00000000da8fe030,0x00000000da900000)
  to   space 5120K, 0% used [0x00000000d9f00000,0x00000000d9f00000,0x00000000da400000)
 ParOldGen       total 87552K, used 26683K [0x0000000081a00000, 0x0000000086f80000, 0x00000000d5e00000)
  object space 87552K, 30% used [0x0000000081a00000,0x000000008340eea0,0x0000000086f80000)
 Metaspace       used 16943K, capacity 17316K, committed 17536K, reserved 1064960K
  class space    used 1990K, capacity 2084K, committed 2176K, reserved 1048576K
}
Event: 7.689 GC heap before
{Heap before GC invocations=7 (full 0):
 PSYoungGen      total 71680K, used 71672K [0x00000000d5e00000, 0x00000000da900000, 0x0000000100000000)
  eden space 66560K, 100% used [0x00000000d5e00000,0x00000000d9f00000,0x00000000d9f00000)
  from space 5120K, 99% used [0x00000000da400000,0x00000000da8fe030,0x00000000da900000)
  to   space 5120K, 0% used [0x00000000d9f00000,0x00000000d9f00000,0x00000000da400000)
 ParOldGen       total 87552K, used 26683K [0x0000000081a00000, 0x0000000086f80000, 0x00000000d5e00000)
  object space 87552K, 30% used [0x0000000081a00000,0x000000008340eea0,0x0000000086f80000)
 Metaspace       used 17530K, capacity 17914K, committed 18048K, reserved 1064960K
  class space    used 2028K, capacity 2129K, committed 2176K, reserved 1048576K
Event: 7.712 GC heap after
Heap after GC invocations=7 (full 0):
 PSYoungGen      total 71680K, used 5088K [0x00000000d5e00000, 0x00000000da900000, 0x0000000100000000)
  eden space 66560K, 0% used [0x00000000d5e00000,0x00000000d5e00000,0x00000000d9f00000)
  from space 5120K, 99% used [0x00000000d9f00000,0x00000000da3f8020,0x00000000da400000)
  to   space 5120K, 0% used [0x00000000da400000,0x00000000da400000,0x00000000da900000)
 ParOldGen       total 87552K, used 32540K [0x0000000081a00000, 0x0000000086f80000, 0x00000000d5e00000)
  object space 87552K, 37% used [0x0000000081a00000,0x00000000839c70a8,0x0000000086f80000)
 Metaspace       used 17530K, capacity 17914K, committed 18048K, reserved 1064960K
  class space    used 2028K, capacity 2129K, committed 2176K, reserved 1048576K
}
Event: 8.439 GC heap before
{Heap before GC invocations=8 (full 0):
 PSYoungGen      total 71680K, used 33143K [0x00000000d5e00000, 0x00000000da900000, 0x0000000100000000)
  eden space 66560K, 42% used [0x00000000d5e00000,0x00000000d7965ea8,0x00000000d9f00000)
  from space 5120K, 99% used [0x00000000d9f00000,0x00000000da3f8020,0x00000000da400000)
  to   space 5120K, 0% used [0x00000000da400000,0x00000000da400000,0x00000000da900000)
 ParOldGen       total 87552K, used 32540K [0x0000000081a00000, 0x0000000086f80000, 0x00000000d5e00000)
  object space 87552K, 37% used [0x0000000081a00000,0x00000000839c70a8,0x0000000086f80000)
 Metaspace       used 20590K, capacity 21082K, committed 21296K, reserved 1069056K
  class space    used 2437K, capacity 2593K, committed 2688K, reserved 1048576K
Event: 8.460 GC heap after
Heap after GC invocations=8 (full 0):
 PSYoungGen      total 71680K, used 5092K [0x00000000d5e00000, 0x00000000da900000, 0x0000000100000000)
  eden space 66560K, 0% used [0x00000000d5e00000,0x00000000d5e00000,0x00000000d9f00000)
  from space 5120K, 99% used [0x00000000da400000,0x00000000da8f9060,0x00000000da900000)
  to   space 5120K, 0% used [0x00000000d9f00000,0x00000000d9f00000,0x00000000da400000)
 ParOldGen       total 87552K, used 34725K [0x0000000081a00000, 0x0000000086f80000, 0x00000000d5e00000)
  object space 87552K, 39% used [0x0000000081a00000,0x0000000083be96e0,0x0000000086f80000)
 Metaspace       used 20590K, capacity 21082K, committed 21296K, reserved 1069056K
  class space    used 2437K, capacity 2593K, committed 2688K, reserved 1048576K
}
Event: 8.460 GC heap before
{Heap before GC invocations=9 (full 1):
 PSYoungGen      total 71680K, used 5092K [0x00000000d5e00000, 0x00000000da900000, 0x0000000100000000)
  eden space 66560K, 0% used [0x00000000d5e00000,0x00000000d5e00000,0x00000000d9f00000)
  from space 5120K, 99% used [0x00000000da400000,0x00000000da8f9060,0x00000000da900000)
  to   space 5120K, 0% used [0x00000000d9f00000,0x00000000d9f00000,0x00000000da400000)
 ParOldGen       total 87552K, used 34725K [0x0000000081a00000, 0x0000000086f80000, 0x00000000d5e00000)
  object space 87552K, 39% used [0x0000000081a00000,0x0000000083be96e0,0x0000000086f80000)
 Metaspace       used 20590K, capacity 21082K, committed 21296K, reserved 1069056K
  class space    used 2437K, capacity 2593K, committed 2688K, reserved 1048576K
Event: 8.693 GC heap after
Heap after GC invocations=9 (full 1):
 PSYoungGen      total 71680K, used 0K [0x00000000d5e00000, 0x00000000da900000, 0x0000000100000000)
  eden space 66560K, 0% used [0x00000000d5e00000,0x00000000d5e00000,0x00000000d9f00000)
  from space 5120K, 0% used [0x00000000da400000,0x00000000da400000,0x00000000da900000)
  to   space 5120K, 0% used [0x00000000d9f00000,0x00000000d9f00000,0x00000000da400000)
 ParOldGen       total 92672K, used 29902K [0x0000000081a00000, 0x0000000087480000, 0x00000000d5e00000)
  object space 92672K, 32% used [0x0000000081a00000,0x0000000083733860,0x0000000087480000)
 Metaspace       used 20590K, capacity 21082K, committed 21296K, reserved 1069056K
  class space    used 2437K, capacity 2593K, committed 2688K, reserved 1048576K
}

