# JRE version: Java(TM) SE Runtime Environment (8.0_131-b11) (build 1.8.0_131-b11)
# Java VM: Java HotSpot(TM) 64-Bit Server VM (25.131-b11 mixed mode windows-amd64 compressed oops)
Heap:
 PSYoungGen      total 148480K, used 37333K [0x00000000d5e00000, 0x00000000e3180000, 0x0000000100000000)
  eden space 132608K, 16% used [0x00000000d5e00000,0x00000000d73aef28,0x00000000ddf80000)
  from space 15872K, 95% used [0x00000000ddf80000,0x00000000dee46700,0x00000000def00000)
  to   space 31744K, 0% used [0x00000000e1280000,0x00000000e1280000,0x00000000e3180000)
 ParOldGen       total 94208K, used 61841K [0x0000000081a00000, 0x0000000087600000, 0x00000000d5e00000)
  object space 94208K, 65% used [0x0000000081a00000,0x00000000856645b8,0x0000000087600000)
 Metaspace       used 28144K, capacity 29126K, committed 30336K, reserved 1075200K
  class space    used 3195K, capacity 3455K, committed 3712K, reserved 1048576K
GC Heap History (10 events):
Event: 20.585 GC heap before
{Heap before GC invocations=11 (full 1):
 PSYoungGen      total 148480K, used 148452K [0x00000000d5e00000, 0x00000000dff00000, 0x0000000100000000)
  eden space 132608K, 100% used [0x00000000d5e00000,0x00000000ddf80000,0x00000000ddf80000)
  from space 15872K, 99% used [0x00000000ddf80000,0x00000000deef92d8,0x00000000def00000)
  to   space 15360K, 0% used [0x00000000def00000,0x00000000def00000,0x00000000dfe00000)
 ParOldGen       total 94208K, used 47743K [0x0000000081a00000, 0x0000000087600000, 0x00000000d5e00000)
  object space 94208K, 50% used [0x0000000081a00000,0x000000008489fe78,0x0000000087600000)
 Metaspace       used 27809K, capacity 28606K, committed 28800K, reserved 1075200K
  class space    used 3204K, capacity 3408K, committed 3456K, reserved 1048576K
Event: 20.642 GC heap after
Heap after GC invocations=11 (full 1):
 PSYoungGen      total 147968K, used 15358K [0x00000000d5e00000, 0x00000000dff00000, 0x0000000100000000)
  eden space 132608K, 0% used [0x00000000d5e00000,0x00000000d5e00000,0x00000000ddf80000)
  from space 15360K, 99% used [0x00000000def00000,0x00000000dfdff9a8,0x00000000dfe00000)
  to   space 15872K, 0% used [0x00000000ddf80000,0x00000000ddf80000,0x00000000def00000)
 ParOldGen       total 94208K, used 66285K [0x0000000081a00000, 0x0000000087600000, 0x00000000d5e00000)
  object space 94208K, 70% used [0x0000000081a00000,0x0000000085abb478,0x0000000087600000)
 Metaspace       used 27809K, capacity 28606K, committed 28800K, reserved 1075200K
  class space    used 3204K, capacity 3408K, committed 3456K, reserved 1048576K
}
Event: 26.150 GC heap before
{Heap before GC invocations=12 (full 1):
 PSYoungGen      total 147968K, used 147966K [0x00000000d5e00000, 0x00000000dff00000, 0x0000000100000000)
  eden space 132608K, 100% used [0x00000000d5e00000,0x00000000ddf80000,0x00000000ddf80000)
  from space 15360K, 99% used [0x00000000def00000,0x00000000dfdff9a8,0x00000000dfe00000)
  to   space 15872K, 0% used [0x00000000ddf80000,0x00000000ddf80000,0x00000000def00000)
 ParOldGen       total 94208K, used 66285K [0x0000000081a00000, 0x0000000087600000, 0x00000000d5e00000)
  object space 94208K, 70% used [0x0000000081a00000,0x0000000085abb478,0x0000000087600000)
 Metaspace       used 28906K, capacity 29800K, committed 29952K, reserved 1075200K
  class space    used 3338K, capacity 3549K, committed 3584K, reserved 1048576K
Event: 26.180 GC heap after
Heap after GC invocations=12 (full 1):
 PSYoungGen      total 148480K, used 9801K [0x00000000d5e00000, 0x00000000dff00000, 0x0000000100000000)
  eden space 132608K, 0% used [0x00000000d5e00000,0x00000000d5e00000,0x00000000ddf80000)
  from space 15872K, 61% used [0x00000000ddf80000,0x00000000de912548,0x00000000def00000)
  to   space 15360K, 0% used [0x00000000def00000,0x00000000def00000,0x00000000dfe00000)
 ParOldGen       total 94208K, used 81243K [0x0000000081a00000, 0x0000000087600000, 0x00000000d5e00000)
  object space 94208K, 86% used [0x0000000081a00000,0x0000000086956f08,0x0000000087600000)
 Metaspace       used 28906K, capacity 29800K, committed 29952K, reserved 1075200K
  class space    used 3338K, capacity 3549K, committed 3584K, reserved 1048576K
}
Event: 26.180 GC heap before
{Heap before GC invocations=13 (full 2):
 PSYoungGen      total 148480K, used 9801K [0x00000000d5e00000, 0x00000000dff00000, 0x0000000100000000)
  eden space 132608K, 0% used [0x00000000d5e00000,0x00000000d5e00000,0x00000000ddf80000)
  from space 15872K, 61% used [0x00000000ddf80000,0x00000000de912548,0x00000000def00000)
  to   space 15360K, 0% used [0x00000000def00000,0x00000000def00000,0x00000000dfe00000)
 ParOldGen       total 94208K, used 81243K [0x0000000081a00000, 0x0000000087600000, 0x00000000d5e00000)
  object space 94208K, 86% used [0x0000000081a00000,0x0000000086956f08,0x0000000087600000)
 Metaspace       used 28906K, capacity 29800K, committed 29952K, reserved 1075200K
  class space    used 3338K, capacity 3549K, committed 3584K, reserved 1048576K
Event: 26.349 GC heap after
Heap after GC invocations=13 (full 2):
 PSYoungGen      total 148480K, used 0K [0x00000000d5e00000, 0x00000000dff00000, 0x0000000100000000)
  eden space 132608K, 0% used [0x00000000d5e00000,0x00000000d5e00000,0x00000000ddf80000)
  from space 15872K, 0% used [0x00000000ddf80000,0x00000000ddf80000,0x00000000def00000)
  to   space 15360K, 0% used [0x00000000def00000,0x00000000def00000,0x00000000dfe00000)
 ParOldGen       total 94208K, used 61825K [0x0000000081a00000, 0x0000000087600000, 0x00000000d5e00000)
  object space 94208K, 65% used [0x0000000081a00000,0x00000000856605b8,0x0000000087600000)
 Metaspace       used 26209K, capacity 26992K, committed 29952K, reserved 1075200K
  class space    used 2966K, capacity 3142K, committed 3584K, reserved 1048576K
}
Event: 28.980 GC heap before
{Heap before GC invocations=14 (full 2):
 PSYoungGen      total 148480K, used 132608K [0x00000000d5e00000, 0x00000000dff00000, 0x0000000100000000)
  eden space 132608K, 100% used [0x00000000d5e00000,0x00000000ddf80000,0x00000000ddf80000)
  from space 15872K, 0% used [0x00000000ddf80000,0x00000000ddf80000,0x00000000def00000)
  to   space 15360K, 0% used [0x00000000def00000,0x00000000def00000,0x00000000dfe00000)
 ParOldGen       total 94208K, used 61825K [0x0000000081a00000, 0x0000000087600000, 0x00000000d5e00000)
  object space 94208K, 65% used [0x0000000081a00000,0x00000000856605b8,0x0000000087600000)
 Metaspace       used 27991K, capacity 29044K, committed 30336K, reserved 1075200K
  class space    used 3178K, capacity 3450K, committed 3712K, reserved 1048576K
Event: 28.984 GC heap after
Heap after GC invocations=14 (full 2):
 PSYoungGen      total 147968K, used 2766K [0x00000000d5e00000, 0x00000000dff00000, 0x0000000100000000)
  eden space 132608K, 0% used [0x00000000d5e00000,0x00000000d5e00000,0x00000000ddf80000)
  from space 15360K, 18% used [0x00000000def00000,0x00000000df1b3b20,0x00000000dfe00000)
  to   space 15872K, 0% used [0x00000000ddf80000,0x00000000ddf80000,0x00000000def00000)
 ParOldGen       total 94208K, used 61833K [0x0000000081a00000, 0x0000000087600000, 0x00000000d5e00000)
  object space 94208K, 65% used [0x0000000081a00000,0x00000000856625b8,0x0000000087600000)
 Metaspace       used 27991K, capacity 29044K, committed 30336K, reserved 1075200K
  class space    used 3178K, capacity 3450K, committed 3712K, reserved 1048576K
}
Event: 38.747 GC heap before
{Heap before GC invocations=15 (full 2):
 PSYoungGen      total 147968K, used 135374K [0x00000000d5e00000, 0x00000000dff00000, 0x0000000100000000)
  eden space 132608K, 100% used [0x00000000d5e00000,0x00000000ddf80000,0x00000000ddf80000)
  from space 15360K, 18% used [0x00000000def00000,0x00000000df1b3b20,0x00000000dfe00000)
  to   space 15872K, 0% used [0x00000000ddf80000,0x00000000ddf80000,0x00000000def00000)
 ParOldGen       total 94208K, used 61833K [0x0000000081a00000, 0x0000000087600000, 0x00000000d5e00000)
  object space 94208K, 65% used [0x0000000081a00000,0x00000000856625b8,0x0000000087600000)
 Metaspace       used 28113K, capacity 29126K, committed 30336K, reserved 1075200K
  class space    used 3192K, capacity 3455K, committed 3712K, reserved 1048576K
Event: 38.760 GC heap after
Heap after GC invocations=15 (full 2):
 PSYoungGen      total 148480K, used 15129K [0x00000000d5e00000, 0x00000000e3180000, 0x0000000100000000)
  eden space 132608K, 0% used [0x00000000d5e00000,0x00000000d5e00000,0x00000000ddf80000)
  from space 15872K, 95% used [0x00000000ddf80000,0x00000000dee46700,0x00000000def00000)
  to   space 31744K, 0% used [0x00000000e1280000,0x00000000e1280000,0x00000000e3180000)
 ParOldGen       total 94208K, used 61841K [0x0000000081a00000, 0x0000000087600000, 0x00000000d5e00000)
  object space 94208K, 65% used [0x0000000081a00000,0x00000000856645b8,0x0000000087600000)
 Metaspace       used 28113K, capacity 29126K, committed 30336K, reserved 1075200K
  class space    used 3192K, capacity 3455K, committed 3712K, reserved 1048576K
}

