# JRE version: Java(TM) SE Runtime Environment (8.0_131-b11) (build 1.8.0_131-b11)
# Java VM: Java HotSpot(TM) 64-Bit Server VM (25.131-b11 mixed mode windows-amd64 compressed oops)
Heap:
 PSYoungGen      total 148992K, used 63387K [0x00000000d5e00000, 0x00000000dff00000, 0x0000000100000000)
  eden space 133120K, 47% used [0x00000000d5e00000,0x00000000d9be6cd0,0x00000000de000000)
  from space 15872K, 0% used [0x00000000def80000,0x00000000def80000,0x00000000dff00000)
  to   space 15872K, 0% used [0x00000000de000000,0x00000000de000000,0x00000000def80000)
 ParOldGen       total 93696K, used 33776K [0x0000000081a00000, 0x0000000087580000, 0x00000000d5e00000)
  object space 93696K, 36% used [0x0000000081a00000,0x0000000083afc148,0x0000000087580000)
 Metaspace       used 22436K, capacity 23062K, committed 23344K, reserved 1069056K
  class space    used 2617K, capacity 2768K, committed 2864K, reserved 1048576K
GC Heap History (10 events):
Event: 3.860 GC heap before
{Heap before GC invocations=5 (full 0):
 PSYoungGen      total 71680K, used 71672K [0x00000000d5e00000, 0x00000000da900000, 0x0000000100000000)
  eden space 66560K, 100% used [0x00000000d5e00000,0x00000000d9f00000,0x00000000d9f00000)
  from space 5120K, 99% used [0x00000000da400000,0x00000000da8fe030,0x00000000da900000)
  to   space 5120K, 0% used [0x00000000d9f00000,0x00000000d9f00000,0x00000000da400000)
 ParOldGen       total 87552K, used 11082K [0x0000000081a00000, 0x0000000086f80000, 0x00000000d5e00000)
  object space 87552K, 12% used [0x0000000081a00000,0x00000000824d2a08,0x0000000086f80000)
 Metaspace       used 15928K, capacity 16218K, committed 16384K, reserved 1062912K
  class space    used 1904K, capacity 1977K, committed 2048K, reserved 1048576K
Event: 3.905 GC heap after
Heap after GC invocations=5 (full 0):
 PSYoungGen      total 71680K, used 5096K [0x00000000d5e00000, 0x00000000dff00000, 0x0000000100000000)
  eden space 66560K, 0% used [0x00000000d5e00000,0x00000000d5e00000,0x00000000d9f00000)
  from space 5120K, 99% used [0x00000000d9f00000,0x00000000da3fa020,0x00000000da400000)
  to   space 15872K, 0% used [0x00000000def80000,0x00000000def80000,0x00000000dff00000)
 ParOldGen       total 87552K, used 20403K [0x0000000081a00000, 0x0000000086f80000, 0x00000000d5e00000)
  object space 87552K, 23% used [0x0000000081a00000,0x0000000082decee0,0x0000000086f80000)
 Metaspace       used 15928K, capacity 16218K, committed 16384K, reserved 1062912K
  class space    used 1904K, capacity 1977K, committed 2048K, reserved 1048576K
}
Event: 4.993 GC heap before
{Heap before GC invocations=6 (full 0):
 PSYoungGen      total 71680K, used 71656K [0x00000000d5e00000, 0x00000000dff00000, 0x0000000100000000)
  eden space 66560K, 100% used [0x00000000d5e00000,0x00000000d9f00000,0x00000000d9f00000)
  from space 5120K, 99% used [0x00000000d9f00000,0x00000000da3fa020,0x00000000da400000)
  to   space 15872K, 0% used [0x00000000def80000,0x00000000def80000,0x00000000dff00000)
 ParOldGen       total 87552K, used 20403K [0x0000000081a00000, 0x0000000086f80000, 0x00000000d5e00000)
  object space 87552K, 23% used [0x0000000081a00000,0x0000000082decee0,0x0000000086f80000)
 Metaspace       used 16955K, capacity 17316K, committed 17536K, reserved 1064960K
  class space    used 1990K, capacity 2084K, committed 2176K, reserved 1048576K
Event: 5.017 GC heap after
Heap after GC invocations=6 (full 0):
 PSYoungGen      total 148992K, used 11665K [0x00000000d5e00000, 0x00000000dff00000, 0x0000000100000000)
  eden space 133120K, 0% used [0x00000000d5e00000,0x00000000d5e00000,0x00000000de000000)
  from space 15872K, 73% used [0x00000000def80000,0x00000000dfae4498,0x00000000dff00000)
  to   space 15872K, 0% used [0x00000000de000000,0x00000000de000000,0x00000000def80000)
 ParOldGen       total 87552K, used 20411K [0x0000000081a00000, 0x0000000086f80000, 0x00000000d5e00000)
  object space 87552K, 23% used [0x0000000081a00000,0x0000000082deeee0,0x0000000086f80000)
 Metaspace       used 16955K, capacity 17316K, committed 17536K, reserved 1064960K
  class space    used 1990K, capacity 2084K, committed 2176K, reserved 1048576K
}
Event: 7.559 GC heap before
{Heap before GC invocations=7 (full 0):
 PSYoungGen      total 148992K, used 144785K [0x00000000d5e00000, 0x00000000dff00000, 0x0000000100000000)
  eden space 133120K, 100% used [0x00000000d5e00000,0x00000000de000000,0x00000000de000000)
  from space 15872K, 73% used [0x00000000def80000,0x00000000dfae4498,0x00000000dff00000)
  to   space 15872K, 0% used [0x00000000de000000,0x00000000de000000,0x00000000def80000)
 ParOldGen       total 87552K, used 20411K [0x0000000081a00000, 0x0000000086f80000, 0x00000000d5e00000)
  object space 87552K, 23% used [0x0000000081a00000,0x0000000082deeee0,0x0000000086f80000)
 Metaspace       used 18068K, capacity 18540K, committed 18816K, reserved 1067008K
  class space    used 2064K, capacity 2170K, committed 2176K, reserved 1048576K
Event: 7.588 GC heap after
Heap after GC invocations=7 (full 0):
 PSYoungGen      total 148992K, used 15872K [0x00000000d5e00000, 0x00000000dff00000, 0x0000000100000000)
  eden space 133120K, 0% used [0x00000000d5e00000,0x00000000d5e00000,0x00000000de000000)
  from space 15872K, 100% used [0x00000000de000000,0x00000000def80000,0x00000000def80000)
  to   space 15872K, 0% used [0x00000000def80000,0x00000000def80000,0x00000000dff00000)
 ParOldGen       total 87552K, used 25613K [0x0000000081a00000, 0x0000000086f80000, 0x00000000d5e00000)
  object space 87552K, 29% used [0x0000000081a00000,0x00000000833037f0,0x0000000086f80000)
 Metaspace       used 18068K, capacity 18540K, committed 18816K, reserved 1067008K
  class space    used 2064K, capacity 2170K, committed 2176K, reserved 1048576K
}
Event: 8.128 GC heap before
{Heap before GC invocations=8 (full 0):
 PSYoungGen      total 148992K, used 38414K [0x00000000d5e00000, 0x00000000dff00000, 0x0000000100000000)
  eden space 133120K, 16% used [0x00000000d5e00000,0x00000000d7403980,0x00000000de000000)
  from space 15872K, 100% used [0x00000000de000000,0x00000000def80000,0x00000000def80000)
  to   space 15872K, 0% used [0x00000000def80000,0x00000000def80000,0x00000000dff00000)
 ParOldGen       total 87552K, used 25613K [0x0000000081a00000, 0x0000000086f80000, 0x00000000d5e00000)
  object space 87552K, 29% used [0x0000000081a00000,0x00000000833037f0,0x0000000086f80000)
 Metaspace       used 20683K, capacity 21228K, committed 21296K, reserved 1069056K
  class space    used 2442K, capacity 2602K, committed 2608K, reserved 1048576K
Event: 8.164 GC heap after
Heap after GC invocations=8 (full 0):
 PSYoungGen      total 148992K, used 14989K [0x00000000d5e00000, 0x00000000dff00000, 0x0000000100000000)
  eden space 133120K, 0% used [0x00000000d5e00000,0x00000000d5e00000,0x00000000de000000)
  from space 15872K, 94% used [0x00000000def80000,0x00000000dfe237f8,0x00000000dff00000)
  to   space 15872K, 0% used [0x00000000de000000,0x00000000de000000,0x00000000def80000)
 ParOldGen       total 87552K, used 27478K [0x0000000081a00000, 0x0000000086f80000, 0x00000000d5e00000)
  object space 87552K, 31% used [0x0000000081a00000,0x00000000834d5810,0x0000000086f80000)
 Metaspace       used 20683K, capacity 21228K, committed 21296K, reserved 1069056K
  class space    used 2442K, capacity 2602K, committed 2608K, reserved 1048576K
}
Event: 8.164 GC heap before
{Heap before GC invocations=9 (full 1):
 PSYoungGen      total 148992K, used 14989K [0x00000000d5e00000, 0x00000000dff00000, 0x0000000100000000)
  eden space 133120K, 0% used [0x00000000d5e00000,0x00000000d5e00000,0x00000000de000000)
  from space 15872K, 94% used [0x00000000def80000,0x00000000dfe237f8,0x00000000dff00000)
  to   space 15872K, 0% used [0x00000000de000000,0x00000000de000000,0x00000000def80000)
 ParOldGen       total 87552K, used 27478K [0x0000000081a00000, 0x0000000086f80000, 0x00000000d5e00000)
  object space 87552K, 31% used [0x0000000081a00000,0x00000000834d5810,0x0000000086f80000)
 Metaspace       used 20683K, capacity 21228K, committed 21296K, reserved 1069056K
  class space    used 2442K, capacity 2602K, committed 2608K, reserved 1048576K
Event: 8.434 GC heap after
Heap after GC invocations=9 (full 1):
 PSYoungGen      total 148992K, used 0K [0x00000000d5e00000, 0x00000000dff00000, 0x0000000100000000)
  eden space 133120K, 0% used [0x00000000d5e00000,0x00000000d5e00000,0x00000000de000000)
  from space 15872K, 0% used [0x00000000def80000,0x00000000def80000,0x00000000dff00000)
  to   space 15872K, 0% used [0x00000000de000000,0x00000000de000000,0x00000000def80000)
 ParOldGen       total 93696K, used 33776K [0x0000000081a00000, 0x0000000087580000, 0x00000000d5e00000)
  object space 93696K, 36% used [0x0000000081a00000,0x0000000083afc148,0x0000000087580000)
 Metaspace       used 20683K, capacity 21228K, committed 21296K, reserved 1069056K
  class space    used 2442K, capacity 2602K, committed 2608K, reserved 1048576K
}

